<?xml version="1.0" encoding="UTF-8"?>
<!-- Generated by org.testng.reporters.JUnitReportReporter -->
<testsuite hostname="GWTN156-9" failures="0" tests="1" name="aUI_Concept_testNG.DragAndDrop" time="7.249" errors="0" timestamp="2022-12-15T21:53:59 MST" skipped="0">
  <testcase classname="aUI_Concept_testNG.DragAndDrop" name="dragAndDrop" time="7.249"/>
  <system-out/>
</testsuite> <!-- aUI_Concept_testNG.DragAndDrop -->
