<?xml version="1.0" encoding="UTF-8"?>
<!-- Generated by org.testng.reporters.JUnitReportReporter -->
<testsuite hostname="GWTN156-9" failures="0" tests="3" name="steps.TestRunner" time="62.095" errors="0" timestamp="2022-12-15T21:58:56 MST" skipped="0">
  <testcase classname="steps.TestRunner" name="runScenario" time="5.794"/>
  <system-out/>
  <testcase classname="steps.TestRunner" name="runScenario" time="32.933"/>
  <system-out/>
  <testcase classname="steps.TestRunner" name="runScenario" time="23.368"/>
  <system-out/>
</testsuite> <!-- steps.TestRunner -->
